# JRE version: OpenJDK Runtime Environment Homebrew (17.0.17) (build 17.0.17+0)
# Java VM: OpenJDK 64-Bit Server VM Homebrew (17.0.17+0, mixed mode, sharing, tiered, compressed oops, compressed class ptrs, g1 gc, bsd-amd64)
GC Precious Log:
 CPUs: 16 total, 16 available
 Memory: 16384M
 Large Page Support: Disabled
 NUMA Support: Disabled
 Compressed Oops: Enabled (Zero based)
 Heap Region Size: 1M
 Heap Min Capacity: 8M
 Heap Initial Capacity: 256M
 Heap Max Capacity: 2G
 Pre-touch: Disabled
 Parallel Workers: 13
 Concurrent Workers: 3
 Concurrent Refinement Workers: 13
 Periodic GC: Disabled
Heap:
 garbage-first heap   total 86016K, used 52799K [0x0000000780000000, 0x0000000800000000)
  region size 1024K, 42 young (43008K), 11 survivors (11264K)
 Metaspace       used 26957K, committed 27328K, reserved 491520K
  class space    used 3895K, committed 4096K, reserved 425984K
GC Heap History (6 events):
Event: 0.419 GC heap before
{Heap before GC invocations=0 (full 0):
 garbage-first heap   total 264192K, used 27552K [0x0000000780000000, 0x0000000800000000)
  region size 1024K, 23 young (23552K), 0 survivors (0K)
 Metaspace       used 3119K, committed 3200K, reserved 491520K
  class space    used 399K, committed 448K, reserved 425984K
}
Event: 0.422 GC heap after
{Heap after GC invocations=1 (full 0):
 garbage-first heap   total 264192K, used 11013K [0x0000000780000000, 0x0000000800000000)
  region size 1024K, 3 young (3072K), 3 survivors (3072K)
 Metaspace       used 3119K, committed 3200K, reserved 491520K
  class space    used 399K, committed 448K, reserved 425984K
}
Event: 0.861 GC heap before
{Heap before GC invocations=1 (full 0):
 garbage-first heap   total 264192K, used 47877K [0x0000000780000000, 0x0000000800000000)
  region size 1024K, 38 young (38912K), 3 survivors (3072K)
 Metaspace       used 5945K, committed 6080K, reserved 491520K
  class space    used 802K, committed 896K, reserved 425984K
}
Event: 0.864 GC heap after
{Heap after GC invocations=2 (full 0):
 garbage-first heap   total 264192K, used 16754K [0x0000000780000000, 0x0000000800000000)
  region size 1024K, 5 young (5120K), 5 survivors (5120K)
 Metaspace       used 5945K, committed 6080K, reserved 491520K
  class space    used 802K, committed 896K, reserved 425984K
}
Event: 2.117 GC heap before
{Heap before GC invocations=2 (full 0):
 garbage-first heap   total 264192K, used 120178K [0x0000000780000000, 0x0000000800000000)
  region size 1024K, 107 young (109568K), 5 survivors (5120K)
 Metaspace       used 21240K, committed 21504K, reserved 491520K
  class space    used 3190K, committed 3328K, reserved 425984K
}
Event: 2.123 GC heap after
{Heap after GC invocations=3 (full 0):
 garbage-first heap   total 264192K, used 22079K [0x0000000780000000, 0x0000000800000000)
  region size 1024K, 11 young (11264K), 11 survivors (11264K)
 Metaspace       used 21240K, committed 21504K, reserved 491520K
  class space    used 3190K, committed 3328K, reserved 425984K
}

