# JRE version: OpenJDK Runtime Environment Homebrew (17.0.17) (build 17.0.17+0)
# Java VM: OpenJDK 64-Bit Server VM Homebrew (17.0.17+0, mixed mode, sharing, tiered, compressed oops, compressed class ptrs, g1 gc, bsd-amd64)
GC Precious Log:
 CPUs: 16 total, 16 available
 Memory: 16384M
 Large Page Support: Disabled
 NUMA Support: Disabled
 Compressed Oops: Enabled (Zero based)
 Heap Region Size: 2M
 Heap Min Capacity: 8M
 Heap Initial Capacity: 256M
 Heap Max Capacity: 4G
 Pre-touch: Disabled
 Parallel Workers: 13
 Concurrent Workers: 3
 Concurrent Refinement Workers: 13
 Periodic GC: Disabled
Heap:
 garbage-first heap   total 186368K, used 55061K [0x0000000700000000, 0x0000000800000000)
  region size 2048K, 4 young (8192K), 2 survivors (4096K)
 Metaspace       used 46970K, committed 47232K, reserved 1114112K
  class space    used 5633K, committed 5760K, reserved 1048576K
GC Heap History (20 events):
Event: 8.162 GC heap before
{Heap before GC invocations=6 (full 0):
 garbage-first heap   total 71680K, used 40673K [0x0000000700000000, 0x0000000800000000)
  region size 2048K, 11 young (22528K), 3 survivors (6144K)
 Metaspace       used 35911K, committed 36096K, reserved 1114112K
  class space    used 4439K, committed 4544K, reserved 1048576K
}
Event: 8.191 GC heap after
{Heap after GC invocations=7 (full 0):
 garbage-first heap   total 71680K, used 28896K [0x0000000700000000, 0x0000000800000000)
  region size 2048K, 2 young (4096K), 2 survivors (4096K)
 Metaspace       used 35911K, committed 36096K, reserved 1114112K
  class space    used 4439K, committed 4544K, reserved 1048576K
}
Event: 8.479 GC heap before
{Heap before GC invocations=8 (full 0):
 garbage-first heap   total 71680K, used 49376K [0x0000000700000000, 0x0000000800000000)
  region size 2048K, 12 young (24576K), 2 survivors (4096K)
 Metaspace       used 36687K, committed 36992K, reserved 1114112K
  class space    used 4533K, committed 4672K, reserved 1048576K
}
Event: 8.492 GC heap after
{Heap after GC invocations=9 (full 0):
 garbage-first heap   total 71680K, used 30624K [0x0000000700000000, 0x0000000800000000)
  region size 2048K, 1 young (2048K), 1 survivors (2048K)
 Metaspace       used 36687K, committed 36992K, reserved 1114112K
  class space    used 4533K, committed 4672K, reserved 1048576K
}
Event: 9.166 GC heap before
{Heap before GC invocations=9 (full 0):
 garbage-first heap   total 71680K, used 51104K [0x0000000700000000, 0x0000000800000000)
  region size 2048K, 11 young (22528K), 1 survivors (2048K)
 Metaspace       used 37394K, committed 37632K, reserved 1114112K
  class space    used 4565K, committed 4672K, reserved 1048576K
}
Event: 9.179 GC heap after
{Heap after GC invocations=10 (full 0):
 garbage-first heap   total 71680K, used 32672K [0x0000000700000000, 0x0000000800000000)
  region size 2048K, 2 young (4096K), 2 survivors (4096K)
 Metaspace       used 37394K, committed 37632K, reserved 1114112K
  class space    used 4565K, committed 4672K, reserved 1048576K
}
Event: 9.849 GC heap before
{Heap before GC invocations=10 (full 0):
 garbage-first heap   total 71680K, used 49056K [0x0000000700000000, 0x0000000800000000)
  region size 2048K, 11 young (22528K), 2 survivors (4096K)
 Metaspace       used 41089K, committed 41344K, reserved 1114112K
  class space    used 4978K, committed 5120K, reserved 1048576K
}
Event: 9.863 GC heap after
{Heap after GC invocations=11 (full 0):
 garbage-first heap   total 86016K, used 34435K [0x0000000700000000, 0x0000000800000000)
  region size 2048K, 1 young (2048K), 1 survivors (2048K)
 Metaspace       used 41089K, committed 41344K, reserved 1114112K
  class space    used 4978K, committed 5120K, reserved 1048576K
}
Event: 11.814 GC heap before
{Heap before GC invocations=11 (full 0):
 garbage-first heap   total 86016K, used 63107K [0x0000000700000000, 0x0000000800000000)
  region size 2048K, 15 young (30720K), 1 survivors (2048K)
 Metaspace       used 45900K, committed 46144K, reserved 1114112K
  class space    used 5530K, committed 5632K, reserved 1048576K
}
Event: 11.833 GC heap after
{Heap after GC invocations=12 (full 0):
 garbage-first heap   total 86016K, used 38588K [0x0000000700000000, 0x0000000800000000)
  region size 2048K, 2 young (4096K), 2 survivors (4096K)
 Metaspace       used 45900K, committed 46144K, reserved 1114112K
  class space    used 5530K, committed 5632K, reserved 1048576K
}
Event: 12.709 GC heap before
{Heap before GC invocations=12 (full 0):
 garbage-first heap   total 86016K, used 63164K [0x0000000700000000, 0x0000000800000000)
  region size 2048K, 14 young (28672K), 2 survivors (4096K)
 Metaspace       used 46277K, committed 46592K, reserved 1114112K
  class space    used 5538K, committed 5696K, reserved 1048576K
}
Event: 12.731 GC heap after
{Heap after GC invocations=13 (full 0):
 garbage-first heap   total 86016K, used 42770K [0x0000000700000000, 0x0000000800000000)
  region size 2048K, 2 young (4096K), 2 survivors (4096K)
 Metaspace       used 46277K, committed 46592K, reserved 1114112K
  class space    used 5538K, committed 5696K, reserved 1048576K
}
Event: 13.272 GC heap before
{Heap before GC invocations=13 (full 0):
 garbage-first heap   total 86016K, used 63250K [0x0000000700000000, 0x0000000800000000)
  region size 2048K, 12 young (24576K), 2 survivors (4096K)
 Metaspace       used 46345K, committed 46656K, reserved 1114112K
  class space    used 5541K, committed 5696K, reserved 1048576K
}
Event: 13.291 GC heap after
{Heap after GC invocations=14 (full 0):
 garbage-first heap   total 86016K, used 46893K [0x0000000700000000, 0x0000000800000000)
  region size 2048K, 2 young (4096K), 2 survivors (4096K)
 Metaspace       used 46345K, committed 46656K, reserved 1114112K
  class space    used 5541K, committed 5696K, reserved 1048576K
}
Event: 14.018 GC heap before
{Heap before GC invocations=15 (full 0):
 garbage-first heap   total 90112K, used 63277K [0x0000000700000000, 0x0000000800000000)
  region size 2048K, 10 young (20480K), 2 survivors (4096K)
 Metaspace       used 46911K, committed 47232K, reserved 1114112K
  class space    used 5630K, committed 5760K, reserved 1048576K
}
Event: 14.036 GC heap after
{Heap after GC invocations=16 (full 0):
 garbage-first heap   total 90112K, used 50403K [0x0000000700000000, 0x0000000800000000)
  region size 2048K, 2 young (4096K), 2 survivors (4096K)
 Metaspace       used 46911K, committed 47232K, reserved 1114112K
  class space    used 5630K, committed 5760K, reserved 1048576K
}
Event: 14.090 GC heap before
{Heap before GC invocations=16 (full 0):
 garbage-first heap   total 90112K, used 52451K [0x0000000700000000, 0x0000000800000000)
  region size 2048K, 3 young (6144K), 2 survivors (4096K)
 Metaspace       used 46924K, committed 47232K, reserved 1114112K
  class space    used 5630K, committed 5760K, reserved 1048576K
}
Event: 14.137 GC heap after
{Heap after GC invocations=17 (full 0):
 garbage-first heap   total 90112K, used 50728K [0x0000000700000000, 0x0000000800000000)
  region size 2048K, 1 young (2048K), 1 survivors (2048K)
 Metaspace       used 46924K, committed 47232K, reserved 1114112K
  class space    used 5630K, committed 5760K, reserved 1048576K
}
Event: 14.467 GC heap before
{Heap before GC invocations=17 (full 0):
 garbage-first heap   total 90112K, used 67112K [0x0000000700000000, 0x0000000800000000)
  region size 2048K, 9 young (18432K), 1 survivors (2048K)
 Metaspace       used 46969K, committed 47232K, reserved 1114112K
  class space    used 5633K, committed 5760K, reserved 1048576K
}
Event: 14.478 GC heap after
{Heap after GC invocations=18 (full 0):
 garbage-first heap   total 186368K, used 53013K [0x0000000700000000, 0x0000000800000000)
  region size 2048K, 2 young (4096K), 2 survivors (4096K)
 Metaspace       used 46969K, committed 47232K, reserved 1114112K
  class space    used 5633K, committed 5760K, reserved 1048576K
}

