# JRE version: OpenJDK Runtime Environment Homebrew (17.0.17) (build 17.0.17+0)
# Java VM: OpenJDK 64-Bit Server VM Homebrew (17.0.17+0, mixed mode, sharing, tiered, compressed oops, compressed class ptrs, g1 gc, bsd-amd64)
GC Precious Log:
 CPUs: 16 total, 16 available
 Memory: 16384M
 Large Page Support: Disabled
 NUMA Support: Disabled
 Compressed Oops: Enabled (Zero based)
 Heap Region Size: 1M
 Heap Min Capacity: 8M
 Heap Initial Capacity: 256M
 Heap Max Capacity: 2G
 Pre-touch: Disabled
 Parallel Workers: 13
 Concurrent Workers: 3
 Concurrent Refinement Workers: 13
 Periodic GC: Disabled
Heap:
 garbage-first heap   total 98304K, used 76236K [0x0000000780000000, 0x0000000800000000)
  region size 1024K, 24 young (24576K), 2 survivors (2048K)
 Metaspace       used 58084K, committed 58752K, reserved 491520K
  class space    used 8186K, committed 8512K, reserved 425984K
GC Heap History (20 events):
Event: 2.817 GC heap after
{Heap after GC invocations=5 (full 0):
 garbage-first heap   total 81920K, used 25230K [0x0000000780000000, 0x0000000800000000)
  region size 1024K, 4 young (4096K), 4 survivors (4096K)
 Metaspace       used 28399K, committed 28736K, reserved 491520K
  class space    used 4062K, committed 4224K, reserved 425984K
}
Event: 3.103 GC heap before
{Heap before GC invocations=5 (full 0):
 garbage-first heap   total 81920K, used 56974K [0x0000000780000000, 0x0000000800000000)
  region size 1024K, 36 young (36864K), 4 survivors (4096K)
 Metaspace       used 30555K, committed 30848K, reserved 491520K
  class space    used 4368K, committed 4480K, reserved 425984K
}
Event: 3.107 GC heap after
{Heap after GC invocations=6 (full 0):
 garbage-first heap   total 81920K, used 28620K [0x0000000780000000, 0x0000000800000000)
  region size 1024K, 4 young (4096K), 4 survivors (4096K)
 Metaspace       used 30555K, committed 30848K, reserved 491520K
  class space    used 4368K, committed 4480K, reserved 425984K
}
Event: 11.892 GC heap before
{Heap before GC invocations=6 (full 0):
 garbage-first heap   total 81920K, used 63436K [0x0000000780000000, 0x0000000800000000)
  region size 1024K, 34 young (34816K), 4 survivors (4096K)
 Metaspace       used 32772K, committed 33216K, reserved 491520K
  class space    used 4581K, committed 4800K, reserved 425984K
}
Event: 11.896 GC heap after
{Heap after GC invocations=7 (full 0):
 garbage-first heap   total 81920K, used 31907K [0x0000000780000000, 0x0000000800000000)
  region size 1024K, 4 young (4096K), 4 survivors (4096K)
 Metaspace       used 32772K, committed 33216K, reserved 491520K
  class space    used 4581K, committed 4800K, reserved 425984K
}
Event: 12.162 GC heap before
{Heap before GC invocations=7 (full 0):
 garbage-first heap   total 81920K, used 60579K [0x0000000780000000, 0x0000000800000000)
  region size 1024K, 31 young (31744K), 4 survivors (4096K)
 Metaspace       used 35255K, committed 35712K, reserved 491520K
  class space    used 4859K, committed 5056K, reserved 425984K
}
Event: 12.165 GC heap after
{Heap after GC invocations=8 (full 0):
 garbage-first heap   total 81920K, used 33827K [0x0000000780000000, 0x0000000800000000)
  region size 1024K, 2 young (2048K), 2 survivors (2048K)
 Metaspace       used 35255K, committed 35712K, reserved 491520K
  class space    used 4859K, committed 5056K, reserved 425984K
}
Event: 12.203 GC heap before
{Heap before GC invocations=8 (full 0):
 garbage-first heap   total 81920K, used 35875K [0x0000000780000000, 0x0000000800000000)
  region size 1024K, 5 young (5120K), 2 survivors (2048K)
 Metaspace       used 35554K, committed 35968K, reserved 491520K
  class space    used 4928K, committed 5120K, reserved 425984K
}
Event: 12.205 GC heap after
{Heap after GC invocations=9 (full 0):
 garbage-first heap   total 98304K, used 34080K [0x0000000780000000, 0x0000000800000000)
  region size 1024K, 3 young (3072K), 3 survivors (3072K)
 Metaspace       used 35554K, committed 35968K, reserved 491520K
  class space    used 4928K, committed 5120K, reserved 425984K
}
Event: 12.660 GC heap before
{Heap before GC invocations=10 (full 0):
 garbage-first heap   total 98304K, used 71968K [0x0000000780000000, 0x0000000800000000)
  region size 1024K, 40 young (40960K), 3 survivors (3072K)
 Metaspace       used 39580K, committed 40000K, reserved 491520K
  class space    used 5570K, committed 5760K, reserved 425984K
}
Event: 12.663 GC heap after
{Heap after GC invocations=11 (full 0):
 garbage-first heap   total 98304K, used 35361K [0x0000000780000000, 0x0000000800000000)
  region size 1024K, 4 young (4096K), 4 survivors (4096K)
 Metaspace       used 39580K, committed 40000K, reserved 491520K
  class space    used 5570K, committed 5760K, reserved 425984K
}
Event: 13.783 GC heap before
{Heap before GC invocations=11 (full 0):
 garbage-first heap   total 98304K, used 73249K [0x0000000780000000, 0x0000000800000000)
  region size 1024K, 41 young (41984K), 4 survivors (4096K)
 Metaspace       used 47363K, committed 47872K, reserved 491520K
  class space    used 6567K, committed 6784K, reserved 425984K
}
Event: 13.788 GC heap after
{Heap after GC invocations=12 (full 0):
 garbage-first heap   total 98304K, used 39185K [0x0000000780000000, 0x0000000800000000)
  region size 1024K, 6 young (6144K), 6 survivors (6144K)
 Metaspace       used 47363K, committed 47872K, reserved 491520K
  class space    used 6567K, committed 6784K, reserved 425984K
}
Event: 14.241 GC heap before
{Heap before GC invocations=12 (full 0):
 garbage-first heap   total 98304K, used 74001K [0x0000000780000000, 0x0000000800000000)
  region size 1024K, 40 young (40960K), 6 survivors (6144K)
 Metaspace       used 51400K, committed 51968K, reserved 491520K
  class space    used 7222K, committed 7488K, reserved 425984K
}
Event: 14.246 GC heap after
{Heap after GC invocations=13 (full 0):
 garbage-first heap   total 98304K, used 41652K [0x0000000780000000, 0x0000000800000000)
  region size 1024K, 3 young (3072K), 3 survivors (3072K)
 Metaspace       used 51400K, committed 51968K, reserved 491520K
  class space    used 7222K, committed 7488K, reserved 425984K
}
Event: 14.727 GC heap before
{Heap before GC invocations=13 (full 0):
 garbage-first heap   total 98304K, used 63156K [0x0000000780000000, 0x0000000800000000)
  region size 1024K, 21 young (21504K), 3 survivors (3072K)
 Metaspace       used 52800K, committed 53440K, reserved 491520K
  class space    used 7395K, committed 7680K, reserved 425984K
}
Event: 14.730 GC heap after
{Heap after GC invocations=14 (full 0):
 garbage-first heap   total 98304K, used 47463K [0x0000000780000000, 0x0000000800000000)
  region size 1024K, 5 young (5120K), 5 survivors (5120K)
 Metaspace       used 52800K, committed 53440K, reserved 491520K
  class space    used 7395K, committed 7680K, reserved 425984K
}
Event: 15.094 GC heap before
{Heap before GC invocations=15 (full 0):
 garbage-first heap   total 98304K, used 81255K [0x0000000780000000, 0x0000000800000000)
  region size 1024K, 34 young (34816K), 5 survivors (5120K)
 Metaspace       used 55988K, committed 56640K, reserved 491520K
  class space    used 7827K, committed 8128K, reserved 425984K
}
Event: 15.098 GC heap after
{Heap after GC invocations=16 (full 0):
 garbage-first heap   total 98304K, used 54246K [0x0000000780000000, 0x0000000800000000)
  region size 1024K, 5 young (5120K), 5 survivors (5120K)
 Metaspace       used 55988K, committed 56640K, reserved 491520K
  class space    used 7827K, committed 8128K, reserved 425984K
}
Event: 15.349 GC heap before
{Heap before GC invocations=16 (full 0):
 garbage-first heap   total 98304K, used 75750K [0x0000000780000000, 0x0000000800000000)
  region size 1024K, 27 young (27648K), 5 survivors (5120K)
 Metaspace       used 58084K, committed 58752K, reserved 491520K
  class space    used 8186K, committed 8512K, reserved 425984K
}

