# JRE version: OpenJDK Runtime Environment Homebrew (17.0.17) (build 17.0.17+0)
# Java VM: OpenJDK 64-Bit Server VM Homebrew (17.0.17+0, mixed mode, sharing, tiered, compressed oops, compressed class ptrs, g1 gc, bsd-amd64)
GC Precious Log:
 CPUs: 16 total, 16 available
 Memory: 16384M
 Large Page Support: Disabled
 NUMA Support: Disabled
 Compressed Oops: Enabled (Zero based)
 Heap Region Size: 2M
 Heap Min Capacity: 8M
 Heap Initial Capacity: 256M
 Heap Max Capacity: 4G
 Pre-touch: Disabled
 Parallel Workers: 13
 Concurrent Workers: 3
 Concurrent Refinement Workers: 13
 Periodic GC: Disabled
Heap:
 garbage-first heap   total 69632K, used 34624K [0x0000000700000000, 0x0000000800000000)
  region size 2048K, 7 young (14336K), 1 survivors (2048K)
 Metaspace       used 38759K, committed 38976K, reserved 1114112K
  class space    used 4934K, committed 5056K, reserved 1048576K
GC Heap History (12 events):
Event: 2.104 GC heap before
{Heap before GC invocations=0 (full 0):
 garbage-first heap   total 266240K, used 26528K [0x0000000700000000, 0x0000000800000000)
  region size 2048K, 11 young (22528K), 0 survivors (0K)
 Metaspace       used 7380K, committed 7488K, reserved 1114112K
  class space    used 795K, committed 832K, reserved 1048576K
}
Event: 2.107 GC heap after
{Heap after GC invocations=1 (full 0):
 garbage-first heap   total 266240K, used 8650K [0x0000000700000000, 0x0000000800000000)
  region size 2048K, 2 young (4096K), 2 survivors (4096K)
 Metaspace       used 7380K, committed 7488K, reserved 1114112K
  class space    used 795K, committed 832K, reserved 1048576K
}
Event: 3.050 GC heap before
{Heap before GC invocations=1 (full 0):
 garbage-first heap   total 266240K, used 45514K [0x0000000700000000, 0x0000000800000000)
  region size 2048K, 19 young (38912K), 2 survivors (4096K)
 Metaspace       used 15988K, committed 16256K, reserved 1114112K
  class space    used 2130K, committed 2240K, reserved 1048576K
}
Event: 3.056 GC heap after
{Heap after GC invocations=2 (full 0):
 garbage-first heap   total 266240K, used 14204K [0x0000000700000000, 0x0000000800000000)
  region size 2048K, 3 young (6144K), 3 survivors (6144K)
 Metaspace       used 15988K, committed 16256K, reserved 1114112K
  class space    used 2130K, committed 2240K, reserved 1048576K
}
Event: 3.630 GC heap before
{Heap before GC invocations=2 (full 0):
 garbage-first heap   total 266240K, used 42876K [0x0000000700000000, 0x0000000800000000)
  region size 2048K, 18 young (36864K), 3 survivors (6144K)
 Metaspace       used 21317K, committed 21504K, reserved 1114112K
  class space    used 2924K, committed 3008K, reserved 1048576K
}
Event: 3.636 GC heap after
{Heap after GC invocations=3 (full 0):
 garbage-first heap   total 266240K, used 15583K [0x0000000700000000, 0x0000000800000000)
  region size 2048K, 5 young (10240K), 5 survivors (10240K)
 Metaspace       used 21317K, committed 21504K, reserved 1114112K
  class space    used 2924K, committed 3008K, reserved 1048576K
}
Event: 4.346 GC heap before
{Heap before GC invocations=4 (full 0):
 garbage-first heap   total 69632K, used 50399K [0x0000000700000000, 0x0000000800000000)
  region size 2048K, 23 young (47104K), 5 survivors (10240K)
 Metaspace       used 27833K, committed 28096K, reserved 1114112K
  class space    used 3569K, committed 3712K, reserved 1048576K
}
Event: 4.360 GC heap after
{Heap after GC invocations=5 (full 0):
 garbage-first heap   total 69632K, used 19042K [0x0000000700000000, 0x0000000800000000)
  region size 2048K, 7 young (14336K), 7 survivors (14336K)
 Metaspace       used 27833K, committed 28096K, reserved 1114112K
  class space    used 3569K, committed 3712K, reserved 1048576K
}
Event: 5.046 GC heap before
{Heap before GC invocations=5 (full 0):
 garbage-first heap   total 69632K, used 41570K [0x0000000700000000, 0x0000000800000000)
  region size 2048K, 19 young (38912K), 7 survivors (14336K)
 Metaspace       used 33847K, committed 34048K, reserved 1114112K
  class space    used 4233K, committed 4352K, reserved 1048576K
}
Event: 5.063 GC heap after
{Heap after GC invocations=6 (full 0):
 garbage-first heap   total 69632K, used 21699K [0x0000000700000000, 0x0000000800000000)
  region size 2048K, 2 young (4096K), 2 survivors (4096K)
 Metaspace       used 33847K, committed 34048K, reserved 1114112K
  class space    used 4233K, committed 4352K, reserved 1048576K
}
Event: 5.296 GC heap before
{Heap before GC invocations=6 (full 0):
 garbage-first heap   total 69632K, used 29891K [0x0000000700000000, 0x0000000800000000)
  region size 2048K, 6 young (12288K), 2 survivors (4096K)
 Metaspace       used 35771K, committed 35968K, reserved 1114112K
  class space    used 4466K, committed 4608K, reserved 1048576K
}
Event: 5.304 GC heap after
{Heap after GC invocations=7 (full 0):
 garbage-first heap   total 69632K, used 24384K [0x0000000700000000, 0x0000000800000000)
  region size 2048K, 1 young (2048K), 1 survivors (2048K)
 Metaspace       used 35771K, committed 35968K, reserved 1114112K
  class space    used 4466K, committed 4608K, reserved 1048576K
}

