# JRE version: OpenJDK Runtime Environment Homebrew (17.0.17) (build 17.0.17+0)
# Java VM: OpenJDK 64-Bit Server VM Homebrew (17.0.17+0, mixed mode, sharing, tiered, compressed oops, compressed class ptrs, g1 gc, bsd-amd64)
GC Precious Log:
 CPUs: 16 total, 16 available
 Memory: 16384M
 Large Page Support: Disabled
 NUMA Support: Disabled
 Compressed Oops: Enabled (Zero based)
 Heap Region Size: 1M
 Heap Min Capacity: 8M
 Heap Initial Capacity: 256M
 Heap Max Capacity: 2G
 Pre-touch: Disabled
 Parallel Workers: 13
 Concurrent Workers: 3
 Concurrent Refinement Workers: 13
 Periodic GC: Disabled
Heap:
 garbage-first heap   total 103424K, used 84233K [0x0000000780000000, 0x0000000800000000)
  region size 1024K, 29 young (29696K), 4 survivors (4096K)
 Metaspace       used 59086K, committed 59840K, reserved 491520K
  class space    used 8407K, committed 8768K, reserved 425984K
GC Heap History (20 events):
Event: 16.934 GC heap after
{Heap after GC invocations=8 (full 0):
 garbage-first heap   total 86016K, used 34684K [0x0000000780000000, 0x0000000800000000)
  region size 1024K, 3 young (3072K), 3 survivors (3072K)
 Metaspace       used 35549K, committed 35968K, reserved 491520K
  class space    used 4924K, committed 5120K, reserved 425984K
}
Event: 17.559 GC heap before
{Heap before GC invocations=9 (full 0):
 garbage-first heap   total 86016K, used 64380K [0x0000000780000000, 0x0000000800000000)
  region size 1024K, 32 young (32768K), 3 survivors (3072K)
 Metaspace       used 38697K, committed 39168K, reserved 491520K
  class space    used 5434K, committed 5632K, reserved 425984K
}
Event: 17.564 GC heap after
{Heap after GC invocations=10 (full 0):
 garbage-first heap   total 103424K, used 35455K [0x0000000780000000, 0x0000000800000000)
  region size 1024K, 3 young (3072K), 3 survivors (3072K)
 Metaspace       used 38697K, committed 39168K, reserved 491520K
  class space    used 5434K, committed 5632K, reserved 425984K
}
Event: 19.099 GC heap before
{Heap before GC invocations=10 (full 0):
 garbage-first heap   total 103424K, used 78463K [0x0000000780000000, 0x0000000800000000)
  region size 1024K, 45 young (46080K), 3 survivors (3072K)
 Metaspace       used 43279K, committed 43840K, reserved 491520K
  class space    used 6165K, committed 6464K, reserved 425984K
}
Event: 19.103 GC heap after
{Heap after GC invocations=11 (full 0):
 garbage-first heap   total 103424K, used 38588K [0x0000000780000000, 0x0000000800000000)
  region size 1024K, 6 young (6144K), 6 survivors (6144K)
 Metaspace       used 43279K, committed 43840K, reserved 491520K
  class space    used 6165K, committed 6464K, reserved 425984K
}
Event: 20.720 GC heap before
{Heap before GC invocations=11 (full 0):
 garbage-first heap   total 103424K, used 86716K [0x0000000780000000, 0x0000000800000000)
  region size 1024K, 45 young (46080K), 6 survivors (6144K)
 Metaspace       used 46624K, committed 47232K, reserved 491520K
  class space    used 6643K, committed 6912K, reserved 425984K
}
Event: 20.734 GC heap after
{Heap after GC invocations=12 (full 0):
 garbage-first heap   total 103424K, used 50393K [0x0000000780000000, 0x0000000800000000)
  region size 1024K, 5 young (5120K), 5 survivors (5120K)
 Metaspace       used 46624K, committed 47232K, reserved 491520K
  class space    used 6643K, committed 6912K, reserved 425984K
}
Event: 21.559 GC heap before
{Heap before GC invocations=12 (full 0):
 garbage-first heap   total 103424K, used 80089K [0x0000000780000000, 0x0000000800000000)
  region size 1024K, 34 young (34816K), 5 survivors (5120K)
 Metaspace       used 50062K, committed 50752K, reserved 491520K
  class space    used 7148K, committed 7488K, reserved 425984K
}
Event: 21.562 GC heap after
{Heap after GC invocations=13 (full 0):
 garbage-first heap   total 103424K, used 51387K [0x0000000780000000, 0x0000000800000000)
  region size 1024K, 2 young (2048K), 2 survivors (2048K)
 Metaspace       used 50062K, committed 50752K, reserved 491520K
  class space    used 7148K, committed 7488K, reserved 425984K
}
Event: 22.239 GC heap before
{Heap before GC invocations=14 (full 0):
 garbage-first heap   total 103424K, used 85179K [0x0000000780000000, 0x0000000800000000)
  region size 1024K, 31 young (31744K), 2 survivors (2048K)
 Metaspace       used 52327K, committed 52992K, reserved 491520K
  class space    used 7472K, committed 7808K, reserved 425984K
}
Event: 22.241 GC heap after
{Heap after GC invocations=15 (full 0):
 garbage-first heap   total 103424K, used 56840K [0x0000000780000000, 0x0000000800000000)
  region size 1024K, 3 young (3072K), 3 survivors (3072K)
 Metaspace       used 52327K, committed 52992K, reserved 491520K
  class space    used 7472K, committed 7808K, reserved 425984K
}
Event: 22.302 GC heap before
{Heap before GC invocations=15 (full 0):
 garbage-first heap   total 103424K, used 58888K [0x0000000780000000, 0x0000000800000000)
  region size 1024K, 5 young (5120K), 3 survivors (3072K)
 Metaspace       used 52472K, committed 53120K, reserved 491520K
  class space    used 7491K, committed 7808K, reserved 425984K
}
Event: 22.305 GC heap after
{Heap after GC invocations=16 (full 0):
 garbage-first heap   total 103424K, used 56759K [0x0000000780000000, 0x0000000800000000)
  region size 1024K, 1 young (1024K), 1 survivors (1024K)
 Metaspace       used 52472K, committed 53120K, reserved 491520K
  class space    used 7491K, committed 7808K, reserved 425984K
}
Event: 22.889 GC heap before
{Heap before GC invocations=16 (full 0):
 garbage-first heap   total 103424K, used 81335K [0x0000000780000000, 0x0000000800000000)
  region size 1024K, 26 young (26624K), 1 survivors (1024K)
 Metaspace       used 54666K, committed 55296K, reserved 491520K
  class space    used 7821K, committed 8128K, reserved 425984K
}
Event: 22.891 GC heap after
{Heap after GC invocations=17 (full 0):
 garbage-first heap   total 103424K, used 57485K [0x0000000780000000, 0x0000000800000000)
  region size 1024K, 2 young (2048K), 2 survivors (2048K)
 Metaspace       used 54666K, committed 55296K, reserved 491520K
  class space    used 7821K, committed 8128K, reserved 425984K
}
Event: 23.891 GC heap before
{Heap before GC invocations=18 (full 0):
 garbage-first heap   total 103424K, used 82061K [0x0000000780000000, 0x0000000800000000)
  region size 1024K, 27 young (27648K), 2 survivors (2048K)
 Metaspace       used 57589K, committed 58240K, reserved 491520K
  class space    used 8187K, committed 8512K, reserved 425984K
}
Event: 23.894 GC heap after
{Heap after GC invocations=19 (full 0):
 garbage-first heap   total 103424K, used 58709K [0x0000000780000000, 0x0000000800000000)
  region size 1024K, 3 young (3072K), 3 survivors (3072K)
 Metaspace       used 57589K, committed 58240K, reserved 491520K
  class space    used 8187K, committed 8512K, reserved 425984K
}
Event: 23.935 GC heap before
{Heap before GC invocations=19 (full 0):
 garbage-first heap   total 103424K, used 60757K [0x0000000780000000, 0x0000000800000000)
  region size 1024K, 5 young (5120K), 3 survivors (3072K)
 Metaspace       used 57810K, committed 58496K, reserved 491520K
  class space    used 8221K, committed 8576K, reserved 425984K
}
Event: 23.938 GC heap after
{Heap after GC invocations=20 (full 0):
 garbage-first heap   total 103424K, used 58633K [0x0000000780000000, 0x0000000800000000)
  region size 1024K, 1 young (1024K), 1 survivors (1024K)
 Metaspace       used 57810K, committed 58496K, reserved 491520K
  class space    used 8221K, committed 8576K, reserved 425984K
}
Event: 24.751 GC heap before
{Heap before GC invocations=20 (full 0):
 garbage-first heap   total 103424K, used 83209K [0x0000000780000000, 0x0000000800000000)
  region size 1024K, 26 young (26624K), 1 survivors (1024K)
 Metaspace       used 59086K, committed 59840K, reserved 491520K
  class space    used 8407K, committed 8768K, reserved 425984K
}

