# JRE version: OpenJDK Runtime Environment Homebrew (17.0.17) (build 17.0.17+0)
# Java VM: OpenJDK 64-Bit Server VM Homebrew (17.0.17+0, mixed mode, sharing, tiered, compressed oops, compressed class ptrs, g1 gc, bsd-amd64)
GC Precious Log:
 CPUs: 16 total, 16 available
 Memory: 16384M
 Large Page Support: Disabled
 NUMA Support: Disabled
 Compressed Oops: Enabled (Zero based)
 Heap Region Size: 1M
 Heap Min Capacity: 8M
 Heap Initial Capacity: 256M
 Heap Max Capacity: 2G
 Pre-touch: Disabled
 Parallel Workers: 13
 Concurrent Workers: 3
 Concurrent Refinement Workers: 13
 Periodic GC: Disabled
Heap:
 garbage-first heap   total 103424K, used 69033K [0x0000000780000000, 0x0000000800000000)
  region size 1024K, 29 young (29696K), 6 survivors (6144K)
 Metaspace       used 46651K, committed 47232K, reserved 917504K
  class space    used 6662K, committed 6912K, reserved 851968K
GC Heap History (20 events):
Event: 0.454 GC heap before
{Heap before GC invocations=0 (full 0):
 garbage-first heap   total 264192K, used 27552K [0x0000000780000000, 0x0000000800000000)
  region size 1024K, 23 young (23552K), 0 survivors (0K)
 Metaspace       used 3121K, committed 3200K, reserved 917504K
  class space    used 399K, committed 448K, reserved 851968K
}
Event: 0.458 GC heap after
{Heap after GC invocations=1 (full 0):
 garbage-first heap   total 264192K, used 11178K [0x0000000780000000, 0x0000000800000000)
  region size 1024K, 3 young (3072K), 3 survivors (3072K)
 Metaspace       used 3121K, committed 3200K, reserved 917504K
  class space    used 399K, committed 448K, reserved 851968K
}
Event: 0.799 GC heap before
{Heap before GC invocations=1 (full 0):
 garbage-first heap   total 264192K, used 45994K [0x0000000780000000, 0x0000000800000000)
  region size 1024K, 36 young (36864K), 3 survivors (3072K)
 Metaspace       used 5104K, committed 5312K, reserved 917504K
  class space    used 683K, committed 768K, reserved 851968K
}
Event: 0.804 GC heap after
{Heap after GC invocations=2 (full 0):
 garbage-first heap   total 264192K, used 16685K [0x0000000780000000, 0x0000000800000000)
  region size 1024K, 5 young (5120K), 5 survivors (5120K)
 Metaspace       used 5104K, committed 5312K, reserved 917504K
  class space    used 683K, committed 768K, reserved 851968K
}
Event: 2.222 GC heap before
{Heap before GC invocations=2 (full 0):
 garbage-first heap   total 264192K, used 121133K [0x0000000780000000, 0x0000000800000000)
  region size 1024K, 108 young (110592K), 5 survivors (5120K)
 Metaspace       used 21251K, committed 21504K, reserved 917504K
  class space    used 3183K, committed 3328K, reserved 851968K
}
Event: 2.230 GC heap after
{Heap after GC invocations=3 (full 0):
 garbage-first heap   total 264192K, used 22829K [0x0000000780000000, 0x0000000800000000)
  region size 1024K, 11 young (11264K), 11 survivors (11264K)
 Metaspace       used 21251K, committed 21504K, reserved 917504K
  class space    used 3183K, committed 3328K, reserved 851968K
}
Event: 2.721 GC heap before
{Heap before GC invocations=4 (full 0):
 garbage-first heap   total 86016K, used 61741K [0x0000000780000000, 0x0000000800000000)
  region size 1024K, 50 young (51200K), 11 survivors (11264K)
 Metaspace       used 28180K, committed 28544K, reserved 917504K
  class space    used 4068K, committed 4224K, reserved 851968K
}
Event: 2.731 GC heap after
{Heap after GC invocations=5 (full 0):
 garbage-first heap   total 86016K, used 25809K [0x0000000780000000, 0x0000000800000000)
  region size 1024K, 4 young (4096K), 4 survivors (4096K)
 Metaspace       used 28180K, committed 28544K, reserved 917504K
  class space    used 4068K, committed 4224K, reserved 851968K
}
Event: 3.076 GC heap before
{Heap before GC invocations=5 (full 0):
 garbage-first heap   total 86016K, used 58577K [0x0000000780000000, 0x0000000800000000)
  region size 1024K, 37 young (37888K), 4 survivors (4096K)
 Metaspace       used 30769K, committed 31232K, reserved 917504K
  class space    used 4391K, committed 4608K, reserved 851968K
}
Event: 3.080 GC heap after
{Heap after GC invocations=6 (full 0):
 garbage-first heap   total 86016K, used 29268K [0x0000000780000000, 0x0000000800000000)
  region size 1024K, 4 young (4096K), 4 survivors (4096K)
 Metaspace       used 30769K, committed 31232K, reserved 917504K
  class space    used 4391K, committed 4608K, reserved 851968K
}
Event: 3.414 GC heap before
{Heap before GC invocations=6 (full 0):
 garbage-first heap   total 86016K, used 66132K [0x0000000780000000, 0x0000000800000000)
  region size 1024K, 36 young (36864K), 4 survivors (4096K)
 Metaspace       used 32939K, committed 33344K, reserved 917504K
  class space    used 4637K, committed 4800K, reserved 851968K
}
Event: 3.417 GC heap after
{Heap after GC invocations=7 (full 0):
 garbage-first heap   total 86016K, used 31580K [0x0000000780000000, 0x0000000800000000)
  region size 1024K, 3 young (3072K), 3 survivors (3072K)
 Metaspace       used 32939K, committed 33344K, reserved 917504K
  class space    used 4637K, committed 4800K, reserved 851968K
}
Event: 9.571 GC heap before
{Heap before GC invocations=7 (full 0):
 garbage-first heap   total 86016K, used 63324K [0x0000000780000000, 0x0000000800000000)
  region size 1024K, 34 young (34816K), 3 survivors (3072K)
 Metaspace       used 34996K, committed 35520K, reserved 917504K
  class space    used 4936K, committed 5184K, reserved 851968K
}
Event: 9.574 GC heap after
{Heap after GC invocations=8 (full 0):
 garbage-first heap   total 103424K, used 33850K [0x0000000780000000, 0x0000000800000000)
  region size 1024K, 3 young (3072K), 3 survivors (3072K)
 Metaspace       used 34996K, committed 35520K, reserved 917504K
  class space    used 4936K, committed 5184K, reserved 851968K
}
Event: 9.601 GC heap before
{Heap before GC invocations=8 (full 0):
 garbage-first heap   total 103424K, used 38970K [0x0000000780000000, 0x0000000800000000)
  region size 1024K, 8 young (8192K), 3 survivors (3072K)
 Metaspace       used 35502K, committed 35968K, reserved 917504K
  class space    used 4950K, committed 5184K, reserved 851968K
}
Event: 9.603 GC heap after
{Heap after GC invocations=9 (full 0):
 garbage-first heap   total 103424K, used 35004K [0x0000000780000000, 0x0000000800000000)
  region size 1024K, 3 young (3072K), 3 survivors (3072K)
 Metaspace       used 35502K, committed 35968K, reserved 917504K
  class space    used 4950K, committed 5184K, reserved 851968K
}
Event: 10.096 GC heap before
{Heap before GC invocations=10 (full 0):
 garbage-first heap   total 103424K, used 78012K [0x0000000780000000, 0x0000000800000000)
  region size 1024K, 45 young (46080K), 3 survivors (3072K)
 Metaspace       used 40303K, committed 40832K, reserved 917504K
  class space    used 5685K, committed 5952K, reserved 851968K
}
Event: 10.098 GC heap after
{Heap after GC invocations=11 (full 0):
 garbage-first heap   total 103424K, used 36218K [0x0000000780000000, 0x0000000800000000)
  region size 1024K, 5 young (5120K), 5 survivors (5120K)
 Metaspace       used 40303K, committed 40832K, reserved 917504K
  class space    used 5685K, committed 5952K, reserved 851968K
}
Event: 10.598 GC heap before
{Heap before GC invocations=12 (full 0):
 garbage-first heap   total 103424K, used 79226K [0x0000000780000000, 0x0000000800000000)
  region size 1024K, 47 young (48128K), 5 survivors (5120K)
 Metaspace       used 44963K, committed 45568K, reserved 917504K
  class space    used 6443K, committed 6720K, reserved 851968K
}
Event: 10.602 GC heap after
{Heap after GC invocations=13 (full 0):
 garbage-first heap   total 103424K, used 39337K [0x0000000780000000, 0x0000000800000000)
  region size 1024K, 6 young (6144K), 6 survivors (6144K)
 Metaspace       used 44963K, committed 45568K, reserved 917504K
  class space    used 6443K, committed 6720K, reserved 851968K
}

