# JRE version: OpenJDK Runtime Environment Homebrew (17.0.17) (build 17.0.17+0)
# Java VM: OpenJDK 64-Bit Server VM Homebrew (17.0.17+0, mixed mode, sharing, tiered, compressed oops, compressed class ptrs, g1 gc, bsd-amd64)
GC Precious Log:
 CPUs: 16 total, 16 available
 Memory: 16384M
 Large Page Support: Disabled
 NUMA Support: Disabled
 Compressed Oops: Enabled (Zero based)
 Heap Region Size: 1M
 Heap Min Capacity: 8M
 Heap Initial Capacity: 256M
 Heap Max Capacity: 2G
 Pre-touch: Disabled
 Parallel Workers: 13
 Concurrent Workers: 3
 Concurrent Refinement Workers: 13
 Periodic GC: Disabled
Heap:
 garbage-first heap   total 143360K, used 113494K [0x0000000780000000, 0x0000000800000000)
  region size 1024K, 30 young (30720K), 5 survivors (5120K)
 Metaspace       used 71886K, committed 72640K, reserved 491520K
  class space    used 10167K, committed 10496K, reserved 425984K
GC Heap History (20 events):
Event: 16.903 GC heap before
{Heap before GC invocations=11 (full 0):
 garbage-first heap   total 122880K, used 93092K [0x0000000780000000, 0x0000000800000000)
  region size 1024K, 59 young (60416K), 3 survivors (3072K)
 Metaspace       used 48158K, committed 48704K, reserved 491520K
  class space    used 6689K, committed 6912K, reserved 425984K
}
Event: 16.908 GC heap after
{Heap after GC invocations=12 (full 0):
 garbage-first heap   total 122880K, used 40986K [0x0000000780000000, 0x0000000800000000)
  region size 1024K, 8 young (8192K), 8 survivors (8192K)
 Metaspace       used 48158K, committed 48704K, reserved 491520K
  class space    used 6689K, committed 6912K, reserved 425984K
}
Event: 17.945 GC heap before
{Heap before GC invocations=12 (full 0):
 garbage-first heap   total 122880K, used 101402K [0x0000000780000000, 0x0000000800000000)
  region size 1024K, 59 young (60416K), 8 survivors (8192K)
 Metaspace       used 53379K, committed 54016K, reserved 491520K
  class space    used 7453K, committed 7744K, reserved 425984K
}
Event: 17.951 GC heap after
{Heap after GC invocations=13 (full 0):
 garbage-first heap   total 122880K, used 55188K [0x0000000780000000, 0x0000000800000000)
  region size 1024K, 6 young (6144K), 6 survivors (6144K)
 Metaspace       used 53379K, committed 54016K, reserved 491520K
  class space    used 7453K, committed 7744K, reserved 425984K
}
Event: 18.510 GC heap before
{Heap before GC invocations=13 (full 0):
 garbage-first heap   total 122880K, used 96148K [0x0000000780000000, 0x0000000800000000)
  region size 1024K, 46 young (47104K), 6 survivors (6144K)
 Metaspace       used 57773K, committed 58496K, reserved 491520K
  class space    used 8115K, committed 8448K, reserved 425984K
}
Event: 18.514 GC heap after
{Heap after GC invocations=14 (full 0):
 garbage-first heap   total 122880K, used 57351K [0x0000000780000000, 0x0000000800000000)
  region size 1024K, 3 young (3072K), 3 survivors (3072K)
 Metaspace       used 57773K, committed 58496K, reserved 491520K
  class space    used 8115K, committed 8448K, reserved 425984K
}
Event: 18.572 GC heap before
{Heap before GC invocations=14 (full 0):
 garbage-first heap   total 122880K, used 61447K [0x0000000780000000, 0x0000000800000000)
  region size 1024K, 8 young (8192K), 3 survivors (3072K)
 Metaspace       used 58147K, committed 58880K, reserved 491520K
  class space    used 8186K, committed 8512K, reserved 425984K
}
Event: 18.575 GC heap after
{Heap after GC invocations=15 (full 0):
 garbage-first heap   total 122880K, used 57475K [0x0000000780000000, 0x0000000800000000)
  region size 1024K, 3 young (3072K), 3 survivors (3072K)
 Metaspace       used 58147K, committed 58880K, reserved 491520K
  class space    used 8186K, committed 8512K, reserved 425984K
}
Event: 19.067 GC heap before
{Heap before GC invocations=16 (full 0):
 garbage-first heap   total 122880K, used 102531K [0x0000000780000000, 0x0000000800000000)
  region size 1024K, 43 young (44032K), 3 survivors (3072K)
 Metaspace       used 61178K, committed 61888K, reserved 491520K
  class space    used 8613K, committed 8960K, reserved 425984K
}
Event: 19.070 GC heap after
{Heap after GC invocations=17 (full 0):
 garbage-first heap   total 122880K, used 63330K [0x0000000780000000, 0x0000000800000000)
  region size 1024K, 5 young (5120K), 5 survivors (5120K)
 Metaspace       used 61178K, committed 61888K, reserved 491520K
  class space    used 8613K, committed 8960K, reserved 425984K
}
Event: 19.514 GC heap before
{Heap before GC invocations=17 (full 0):
 garbage-first heap   total 122880K, used 100194K [0x0000000780000000, 0x0000000800000000)
  region size 1024K, 41 young (41984K), 5 survivors (5120K)
 Metaspace       used 64992K, committed 65600K, reserved 491520K
  class space    used 9094K, committed 9408K, reserved 425984K
}
Event: 19.518 GC heap after
{Heap after GC invocations=18 (full 0):
 garbage-first heap   total 122880K, used 66343K [0x0000000780000000, 0x0000000800000000)
  region size 1024K, 6 young (6144K), 6 survivors (6144K)
 Metaspace       used 64992K, committed 65600K, reserved 491520K
  class space    used 9094K, committed 9408K, reserved 425984K
}
Event: 19.894 GC heap before
{Heap before GC invocations=19 (full 0):
 garbage-first heap   total 122880K, used 99111K [0x0000000780000000, 0x0000000800000000)
  region size 1024K, 39 young (39936K), 6 survivors (6144K)
 Metaspace       used 66757K, committed 67456K, reserved 491520K
  class space    used 9369K, committed 9728K, reserved 425984K
}
Event: 19.899 GC heap after
{Heap after GC invocations=20 (full 0):
 garbage-first heap   total 122880K, used 69294K [0x0000000780000000, 0x0000000800000000)
  region size 1024K, 4 young (4096K), 4 survivors (4096K)
 Metaspace       used 66757K, committed 67456K, reserved 491520K
  class space    used 9369K, committed 9728K, reserved 425984K
}
Event: 20.308 GC heap before
{Heap before GC invocations=20 (full 0):
 garbage-first heap   total 122880K, used 100014K [0x0000000780000000, 0x0000000800000000)
  region size 1024K, 34 young (34816K), 4 survivors (4096K)
 Metaspace       used 68776K, committed 69440K, reserved 491520K
  class space    used 9682K, committed 9984K, reserved 425984K
}
Event: 20.312 GC heap after
{Heap after GC invocations=21 (full 0):
 garbage-first heap   total 122880K, used 71326K [0x0000000780000000, 0x0000000800000000)
  region size 1024K, 3 young (3072K), 3 survivors (3072K)
 Metaspace       used 68776K, committed 69440K, reserved 491520K
  class space    used 9682K, committed 9984K, reserved 425984K
}
Event: 21.815 GC heap before
{Heap before GC invocations=22 (full 0):
 garbage-first heap   total 126976K, used 98974K [0x0000000780000000, 0x0000000800000000)
  region size 1024K, 31 young (31744K), 3 survivors (3072K)
 Metaspace       used 70823K, committed 71488K, reserved 491520K
  class space    used 10005K, committed 10304K, reserved 425984K
}
Event: 21.819 GC heap after
{Heap after GC invocations=23 (full 0):
 garbage-first heap   total 126976K, used 74562K [0x0000000780000000, 0x0000000800000000)
  region size 1024K, 4 young (4096K), 4 survivors (4096K)
 Metaspace       used 70823K, committed 71488K, reserved 491520K
  class space    used 10005K, committed 10304K, reserved 425984K
}
Event: 22.037 GC heap before
{Heap before GC invocations=23 (full 0):
 garbage-first heap   total 126976K, used 94018K [0x0000000780000000, 0x0000000800000000)
  region size 1024K, 25 young (25600K), 4 survivors (4096K)
 Metaspace       used 71394K, committed 72128K, reserved 491520K
  class space    used 10082K, committed 10432K, reserved 425984K
}
Event: 22.042 GC heap after
{Heap after GC invocations=24 (full 0):
 garbage-first heap   total 126976K, used 76630K [0x0000000780000000, 0x0000000800000000)
  region size 1024K, 5 young (5120K), 5 survivors (5120K)
 Metaspace       used 71394K, committed 72128K, reserved 491520K
  class space    used 10082K, committed 10432K, reserved 425984K
}

