# JRE version: OpenJDK Runtime Environment (17.0.7) (build 17.0.7+0-17.0.7b1000.6-10550314)
# Java VM: OpenJDK 64-Bit Server VM (17.0.7+0-17.0.7b1000.6-10550314, mixed mode, tiered, compressed oops, compressed class ptrs, g1 gc, bsd-amd64)
GC Precious Log:
 CPUs: 16 total, 16 available
 Memory: 16384M
 Large Page Support: Disabled
 NUMA Support: Disabled
 Compressed Oops: Enabled (Zero based)
 Heap Region Size: 1M
 Heap Min Capacity: 8M
 Heap Initial Capacity: 256M
 Heap Max Capacity: 2G
 Pre-touch: Disabled
 Parallel Workers: 13
 Concurrent Workers: 3
 Concurrent Refinement Workers: 13
 Periodic GC: Disabled
Heap:
 garbage-first heap   total 125952K, used 67827K [0x0000000780000000, 0x0000000800000000)
  region size 1024K, 7 young (7168K), 2 survivors (2048K)
 Metaspace       used 46306K, committed 46784K, reserved 491520K
  class space    used 6451K, committed 6656K, reserved 425984K
GC Heap History (20 events):
Event: 2.709 GC heap before
{Heap before GC invocations=4 (full 0):
 garbage-first heap   total 71680K, used 52569K [0x0000000780000000, 0x0000000800000000)
  region size 1024K, 42 young (43008K), 9 survivors (9216K)
 Metaspace       used 25795K, committed 26048K, reserved 491520K
  class space    used 3660K, committed 3776K, reserved 425984K
}
Event: 2.717 GC heap after
{Heap after GC invocations=5 (full 0):
 garbage-first heap   total 71680K, used 20504K [0x0000000780000000, 0x0000000800000000)
  region size 1024K, 3 young (3072K), 3 survivors (3072K)
 Metaspace       used 25795K, committed 26048K, reserved 491520K
  class space    used 3660K, committed 3776K, reserved 425984K
}
Event: 2.734 GC heap before
{Heap before GC invocations=5 (full 0):
 garbage-first heap   total 71680K, used 21528K [0x0000000780000000, 0x0000000800000000)
  region size 1024K, 4 young (4096K), 3 survivors (3072K)
 Metaspace       used 25869K, committed 26112K, reserved 491520K
  class space    used 3671K, committed 3776K, reserved 425984K
}
Event: 2.737 GC heap after
{Heap after GC invocations=6 (full 0):
 garbage-first heap   total 71680K, used 20954K [0x0000000780000000, 0x0000000800000000)
  region size 1024K, 1 young (1024K), 1 survivors (1024K)
 Metaspace       used 25869K, committed 26112K, reserved 491520K
  class space    used 3671K, committed 3776K, reserved 425984K
}
Event: 3.112 GC heap before
{Heap before GC invocations=6 (full 0):
 garbage-first heap   total 71680K, used 46554K [0x0000000780000000, 0x0000000800000000)
  region size 1024K, 20 young (20480K), 1 survivors (1024K)
 Metaspace       used 28039K, committed 28352K, reserved 491520K
  class space    used 4053K, committed 4224K, reserved 425984K
}
Event: 3.114 GC heap after
{Heap after GC invocations=7 (full 0):
 garbage-first heap   total 71680K, used 32352K [0x0000000780000000, 0x0000000800000000)
  region size 1024K, 4 young (4096K), 4 survivors (4096K)
 Metaspace       used 28039K, committed 28352K, reserved 491520K
  class space    used 4053K, committed 4224K, reserved 425984K
}
Event: 3.131 GC heap before
{Heap before GC invocations=7 (full 0):
 garbage-first heap   total 71680K, used 44640K [0x0000000780000000, 0x0000000800000000)
  region size 1024K, 5 young (5120K), 4 survivors (4096K)
 Metaspace       used 28039K, committed 28352K, reserved 491520K
  class space    used 4053K, committed 4224K, reserved 425984K
}
Event: 3.133 GC heap after
{Heap after GC invocations=8 (full 0):
 garbage-first heap   total 71680K, used 44503K [0x0000000780000000, 0x0000000800000000)
  region size 1024K, 1 young (1024K), 1 survivors (1024K)
 Metaspace       used 28039K, committed 28352K, reserved 491520K
  class space    used 4053K, committed 4224K, reserved 425984K
}
Event: 3.356 GC heap before
{Heap before GC invocations=9 (full 0):
 garbage-first heap   total 81920K, used 56791K [0x0000000780000000, 0x0000000800000000)
  region size 1024K, 12 young (12288K), 1 survivors (1024K)
 Metaspace       used 29303K, committed 29632K, reserved 491520K
  class space    used 4242K, committed 4416K, reserved 425984K
}
Event: 3.359 GC heap after
{Heap after GC invocations=10 (full 0):
 garbage-first heap   total 125952K, used 48952K [0x0000000780000000, 0x0000000800000000)
  region size 1024K, 2 young (2048K), 2 survivors (2048K)
 Metaspace       used 29303K, committed 29632K, reserved 491520K
  class space    used 4242K, committed 4416K, reserved 425984K
}
Event: 3.429 GC heap before
{Heap before GC invocations=10 (full 0):
 garbage-first heap   total 125952K, used 53048K [0x0000000780000000, 0x0000000800000000)
  region size 1024K, 6 young (6144K), 2 survivors (2048K)
 Metaspace       used 29702K, committed 30016K, reserved 491520K
  class space    used 4312K, committed 4480K, reserved 425984K
}
Event: 3.431 GC heap after
{Heap after GC invocations=11 (full 0):
 garbage-first heap   total 125952K, used 48750K [0x0000000780000000, 0x0000000800000000)
  region size 1024K, 1 young (1024K), 1 survivors (1024K)
 Metaspace       used 29702K, committed 30016K, reserved 491520K
  class space    used 4312K, committed 4480K, reserved 425984K
}
Event: 4.226 GC heap before
{Heap before GC invocations=11 (full 0):
 garbage-first heap   total 125952K, used 90734K [0x0000000780000000, 0x0000000800000000)
  region size 1024K, 42 young (43008K), 1 survivors (1024K)
 Metaspace       used 35567K, committed 35968K, reserved 491520K
  class space    used 5228K, committed 5376K, reserved 425984K
}
Event: 4.229 GC heap after
{Heap after GC invocations=12 (full 0):
 garbage-first heap   total 125952K, used 51183K [0x0000000780000000, 0x0000000800000000)
  region size 1024K, 3 young (3072K), 3 survivors (3072K)
 Metaspace       used 35567K, committed 35968K, reserved 491520K
  class space    used 5228K, committed 5376K, reserved 425984K
}
Event: 4.779 GC heap before
{Heap before GC invocations=12 (full 0):
 garbage-first heap   total 125952K, used 98287K [0x0000000780000000, 0x0000000800000000)
  region size 1024K, 45 young (46080K), 3 survivors (3072K)
 Metaspace       used 41652K, committed 42048K, reserved 491520K
  class space    used 5787K, committed 6016K, reserved 425984K
}
Event: 4.785 GC heap after
{Heap after GC invocations=13 (full 0):
 garbage-first heap   total 125952K, used 55768K [0x0000000780000000, 0x0000000800000000)
  region size 1024K, 6 young (6144K), 6 survivors (6144K)
 Metaspace       used 41652K, committed 42048K, reserved 491520K
  class space    used 5787K, committed 6016K, reserved 425984K
}
Event: 5.468 GC heap before
{Heap before GC invocations=13 (full 0):
 garbage-first heap   total 125952K, used 95704K [0x0000000780000000, 0x0000000800000000)
  region size 1024K, 45 young (46080K), 6 survivors (6144K)
 Metaspace       used 45810K, committed 46272K, reserved 491520K
  class space    used 6403K, committed 6592K, reserved 425984K
}
Event: 5.473 GC heap after
{Heap after GC invocations=14 (full 0):
 garbage-first heap   total 125952K, used 59663K [0x0000000780000000, 0x0000000800000000)
  region size 1024K, 4 young (4096K), 4 survivors (4096K)
 Metaspace       used 45810K, committed 46272K, reserved 491520K
  class space    used 6403K, committed 6592K, reserved 425984K
}
Event: 5.534 GC heap before
{Heap before GC invocations=14 (full 0):
 garbage-first heap   total 125952K, used 63759K [0x0000000780000000, 0x0000000800000000)
  region size 1024K, 9 young (9216K), 4 survivors (4096K)
 Metaspace       used 45978K, committed 46464K, reserved 491520K
  class space    used 6428K, committed 6656K, reserved 425984K
}
Event: 5.538 GC heap after
{Heap after GC invocations=15 (full 0):
 garbage-first heap   total 125952K, used 60659K [0x0000000780000000, 0x0000000800000000)
  region size 1024K, 2 young (2048K), 2 survivors (2048K)
 Metaspace       used 45978K, committed 46464K, reserved 491520K
  class space    used 6428K, committed 6656K, reserved 425984K
}

